[2025-06-04T03:34:17.259Z] info: kubernetes.yaml was copied to the config folder
[2025-06-04T03:34:59.649Z] error: Host validation failed for: 192.168.2.1:3000. Hint: Set the HOMEPAGE_ALLOWED_HOSTS environment variable to allow requests from this host / port.
[2025-06-04T03:35:06.033Z] error: Host validation failed for: 192.168.2.1:3000. Hint: Set the HOMEPAGE_ALLOWED_HOSTS environment variable to allow requests from this host / port.
[2025-06-04T03:35:06.040Z] error: Host validation failed for: 192.168.2.1:3000. Hint: Set the HOMEPAGE_ALLOWED_HOSTS environment variable to allow requests from this host / port.
[2025-06-04T03:35:06.054Z] error: Host validation failed for: 192.168.2.1:3000. Hint: Set the HOMEPAGE_ALLOWED_HOSTS environment variable to allow requests from this host / port.
[2025-06-04T03:35:06.087Z] error: Host validation failed for: 192.168.2.1:3000. Hint: Set the HOMEPAGE_ALLOWED_HOSTS environment variable to allow requests from this host / port.
[2025-06-04T03:35:06.104Z] error: Host validation failed for: 192.168.2.1:3000. Hint: Set the HOMEPAGE_ALLOWED_HOSTS environment variable to allow requests from this host / port.
[2025-06-04T03:35:06.109Z] error: Host validation failed for: 192.168.2.1:3000. Hint: Set the HOMEPAGE_ALLOWED_HOSTS environment variable to allow requests from this host / port.
[2025-06-04T03:35:06.113Z] error: Host validation failed for: 192.168.2.1:3000. Hint: Set the HOMEPAGE_ALLOWED_HOSTS environment variable to allow requests from this host / port.
[2025-06-04T03:35:06.118Z] error: Host validation failed for: 192.168.2.1:3000. Hint: Set the HOMEPAGE_ALLOWED_HOSTS environment variable to allow requests from this host / port.
[2025-06-04T03:35:06.127Z] error: Host validation failed for: 192.168.2.1:3000. Hint: Set the HOMEPAGE_ALLOWED_HOSTS environment variable to allow requests from this host / port.
[2025-06-04T03:35:06.135Z] error: Host validation failed for: 192.168.2.1:3000. Hint: Set the HOMEPAGE_ALLOWED_HOSTS environment variable to allow requests from this host / port.
[2025-06-04T03:35:06.151Z] error: Host validation failed for: 192.168.2.1:3000. Hint: Set the HOMEPAGE_ALLOWED_HOSTS environment variable to allow requests from this host / port.
[2025-06-04T03:36:17.919Z] info: docker.yaml was copied to the config folder
[2025-06-04T03:36:17.921Z] info: services.yaml was copied to the config folder
[2025-06-04T03:36:17.922Z] info: bookmarks.yaml was copied to the config folder
[2025-06-04T03:36:17.937Z] info: widgets.yaml was copied to the config folder
[2025-06-04T03:36:17.938Z] info: custom.css was copied to the config folder
[2025-06-04T03:36:17.939Z] info: custom.js was copied to the config folder
[2025-06-04T04:36:32.748Z] error: Host validation failed for: homepage.srv-1.home.doubie.dev. Hint: Set the HOMEPAGE_ALLOWED_HOSTS environment variable to allow requests from this host / port.
[2025-06-04T04:36:32.947Z] error: Host validation failed for: homepage.srv-1.home.doubie.dev. Hint: Set the HOMEPAGE_ALLOWED_HOSTS environment variable to allow requests from this host / port.
[2025-06-04T04:36:32.951Z] error: Host validation failed for: homepage.srv-1.home.doubie.dev. Hint: Set the HOMEPAGE_ALLOWED_HOSTS environment variable to allow requests from this host / port.
[2025-06-04T04:36:32.958Z] error: Host validation failed for: homepage.srv-1.home.doubie.dev. Hint: Set the HOMEPAGE_ALLOWED_HOSTS environment variable to allow requests from this host / port.
[2025-06-04T04:36:32.965Z] error: Host validation failed for: homepage.srv-1.home.doubie.dev. Hint: Set the HOMEPAGE_ALLOWED_HOSTS environment variable to allow requests from this host / port.
[2025-06-04T04:36:32.970Z] error: Host validation failed for: homepage.srv-1.home.doubie.dev. Hint: Set the HOMEPAGE_ALLOWED_HOSTS environment variable to allow requests from this host / port.
[2025-06-04T04:36:32.975Z] error: Host validation failed for: homepage.srv-1.home.doubie.dev. Hint: Set the HOMEPAGE_ALLOWED_HOSTS environment variable to allow requests from this host / port.
[2025-06-04T04:36:32.980Z] error: Host validation failed for: homepage.srv-1.home.doubie.dev. Hint: Set the HOMEPAGE_ALLOWED_HOSTS environment variable to allow requests from this host / port.
[2025-06-04T04:36:32.985Z] error: Host validation failed for: homepage.srv-1.home.doubie.dev. Hint: Set the HOMEPAGE_ALLOWED_HOSTS environment variable to allow requests from this host / port.
[2025-06-04T04:36:32.994Z] error: Host validation failed for: homepage.srv-1.home.doubie.dev. Hint: Set the HOMEPAGE_ALLOWED_HOSTS environment variable to allow requests from this host / port.
[2025-06-04T04:36:33.000Z] error: Host validation failed for: homepage.srv-1.home.doubie.dev. Hint: Set the HOMEPAGE_ALLOWED_HOSTS environment variable to allow requests from this host / port.
[2025-06-04T04:36:51.315Z] error: Host validation failed for: homepage.srv-1.home.doubie.dev. Hint: Set the HOMEPAGE_ALLOWED_HOSTS environment variable to allow requests from this host / port.
[2025-06-04T04:36:51.810Z] error: Host validation failed for: homepage.srv-1.home.doubie.dev. Hint: Set the HOMEPAGE_ALLOWED_HOSTS environment variable to allow requests from this host / port.
[2025-06-04T04:36:51.816Z] error: Host validation failed for: homepage.srv-1.home.doubie.dev. Hint: Set the HOMEPAGE_ALLOWED_HOSTS environment variable to allow requests from this host / port.
[2025-06-04T04:36:51.837Z] error: Host validation failed for: homepage.srv-1.home.doubie.dev. Hint: Set the HOMEPAGE_ALLOWED_HOSTS environment variable to allow requests from this host / port.
[2025-06-04T04:36:51.846Z] error: Host validation failed for: homepage.srv-1.home.doubie.dev. Hint: Set the HOMEPAGE_ALLOWED_HOSTS environment variable to allow requests from this host / port.
[2025-06-04T04:36:51.853Z] error: Host validation failed for: homepage.srv-1.home.doubie.dev. Hint: Set the HOMEPAGE_ALLOWED_HOSTS environment variable to allow requests from this host / port.
[2025-06-04T04:36:51.897Z] error: Host validation failed for: homepage.srv-1.home.doubie.dev. Hint: Set the HOMEPAGE_ALLOWED_HOSTS environment variable to allow requests from this host / port.
[2025-06-06T03:49:06.960Z] warn: <service-helpers> Error parsing service "Proxmox" from config. Ensure required fields are present.
[2025-06-06T03:49:06.986Z] warn: <service-helpers> Error parsing service "Proxmox" from config. Ensure required fields are present.
[2025-06-06T03:49:07.199Z] warn: <service-helpers> Error parsing service "Proxmox" from config. Ensure required fields are present.
[2025-06-06T03:49:07.978Z] warn: <service-helpers> Error parsing service "Proxmox" from config. Ensure required fields are present.
[2025-06-06T03:49:10.264Z] warn: <service-helpers> Error parsing service "Proxmox" from config. Ensure required fields are present.
[2025-06-06T03:50:12.480Z] warn: <service-helpers> Error parsing service "Proxmox" from config. Ensure required fields are present.
[2025-06-06T03:50:12.480Z] warn: <service-helpers> Error parsing service "Router" from config. Ensure required fields are present.
[2025-06-06T03:50:12.549Z] warn: <service-helpers> Error parsing service "Proxmox" from config. Ensure required fields are present.
[2025-06-06T03:50:12.550Z] warn: <service-helpers> Error parsing service "Router" from config. Ensure required fields are present.
[2025-06-06T03:50:12.750Z] warn: <service-helpers> Error parsing service "Proxmox" from config. Ensure required fields are present.
[2025-06-06T03:50:12.750Z] warn: <service-helpers> Error parsing service "Router" from config. Ensure required fields are present.
[2025-06-06T03:50:22.422Z] warn: <service-helpers> Error parsing service "Proxmox" from config. Ensure required fields are present.
[2025-06-06T03:50:22.424Z] warn: <service-helpers> Error parsing service "Proxmox" from config. Ensure required fields are present.
[2025-06-06T03:50:22.618Z] warn: <service-helpers> Error parsing service "Proxmox" from config. Ensure required fields are present.
[2025-06-06T03:50:23.976Z] warn: <service-helpers> Error parsing service "Proxmox" from config. Ensure required fields are present.
[2025-06-06T03:50:31.144Z] warn: <service-helpers> Error parsing service "Proxmox" from config. Ensure required fields are present.
[2025-06-06T03:50:31.213Z] warn: <service-helpers> Error parsing service "Proxmox" from config. Ensure required fields are present.
[2025-06-06T03:50:31.403Z] warn: <service-helpers> Error parsing service "Proxmox" from config. Ensure required fields are present.
[2025-06-06T03:50:32.447Z] warn: <service-helpers> Error parsing service "Proxmox" from config. Ensure required fields are present.
[2025-06-06T03:51:01.339Z] warn: <service-helpers> Error parsing service "Proxmox" from config. Ensure required fields are present.
[2025-06-06T03:51:02.712Z] warn: <service-helpers> Error parsing service "Proxmox" from config. Ensure required fields are present.
[2025-06-06T03:51:52.373Z] warn: <service-helpers> Error parsing service "Proxmox" from config. Ensure required fields are present.
[2025-06-06T03:51:52.429Z] warn: <service-helpers> Error parsing service "Proxmox" from config. Ensure required fields are present.
[2025-06-06T03:51:52.702Z] warn: <service-helpers> Error parsing service "Proxmox" from config. Ensure required fields are present.
[2025-06-06T03:51:58.678Z] warn: <service-helpers> Error parsing service "Proxmox" from config. Ensure required fields are present.
[2025-06-06T03:52:33.132Z] warn: <service-helpers> Error parsing service "Proxmox" from config. Ensure required fields are present.
[2025-06-06T03:52:33.151Z] warn: <service-helpers> Error parsing service "Proxmox" from config. Ensure required fields are present.
[2025-06-06T03:52:33.345Z] warn: <service-helpers> Error parsing service "Proxmox" from config. Ensure required fields are present.
[2025-06-06T03:52:35.186Z] warn: <service-helpers> Error parsing service "Proxmox" from config. Ensure required fields are present.
[2025-06-06T03:52:57.008Z] warn: <service-helpers> Error parsing service "Proxmox" from config. Ensure required fields are present.
[2025-06-06T03:52:57.750Z] warn: <service-helpers> Error parsing service "Proxmox" from config. Ensure required fields are present.
[2025-06-06T03:53:16.383Z] warn: <service-helpers> Error parsing service "Proxmox" from config. Ensure required fields are present.
[2025-06-06T03:53:16.408Z] warn: <service-helpers> Error parsing service "Proxmox" from config. Ensure required fields are present.
[2025-06-06T03:53:16.607Z] warn: <service-helpers> Error parsing service "Proxmox" from config. Ensure required fields are present.
[2025-06-06T03:53:17.695Z] warn: <service-helpers> Error parsing service "Proxmox" from config. Ensure required fields are present.
[2025-06-06T03:53:26.458Z] warn: <service-helpers> Error parsing service "Proxmox" from config. Ensure required fields are present.
[2025-06-06T03:53:26.461Z] warn: <service-helpers> Error parsing service "Proxmox" from config. Ensure required fields are present.
[2025-06-06T03:53:26.658Z] warn: <service-helpers> Error parsing service "Proxmox" from config. Ensure required fields are present.
[2025-06-06T03:54:14.021Z] warn: <service-helpers> Error parsing service "Proxmox" from config. Ensure required fields are present.
[2025-06-06T03:54:14.025Z] warn: <service-helpers> Error parsing service "Proxmox" from config. Ensure required fields are present.
[2025-06-06T03:54:14.207Z] warn: <service-helpers> Error parsing service "Proxmox" from config. Ensure required fields are present.
[2025-06-06T03:54:40.121Z] error: Failed to load services.yaml, please check for errors
[2025-06-06T03:54:40.121Z] error: TypeError: Cannot read properties of null (reading 'forEach')
[2025-06-06T03:54:40.133Z] error: Failed to load services.yaml, please check for errors
[2025-06-06T03:54:40.134Z] error: TypeError: Cannot read properties of null (reading 'forEach')
[2025-06-06T03:54:40.282Z] error: Failed to load services.yaml, please check for errors
[2025-06-06T03:54:40.282Z] error: TypeError: Cannot read properties of null (reading 'forEach')
[2025-06-06T04:16:05.219Z] error: <credentialedProxyHandler> HTTP Error 401 calling https://pve-1.home.doubie.dev:8006/api2/json/cluster/resources
[2025-06-06T04:16:13.271Z] error: <credentialedProxyHandler> HTTP Error 401 calling https://pve-1.home.doubie.dev:8006/api2/json/cluster/resources
[2025-06-06T04:16:17.305Z] error: <credentialedProxyHandler> HTTP Error 401 calling https://pve-1.home.doubie.dev:8006/api2/json/cluster/resources
[2025-06-06T04:16:25.345Z] error: <credentialedProxyHandler> HTTP Error 401 calling https://pve-1.home.doubie.dev:8006/api2/json/cluster/resources
[2025-06-06T04:16:38.687Z] error: <credentialedProxyHandler> HTTP Error 401 calling https://pve-1.home.doubie.dev:8006/api2/json/cluster/resources
[2025-06-06T04:16:43.393Z] error: <credentialedProxyHandler> HTTP Error 401 calling https://pve-1.home.doubie.dev:8006/api2/json/cluster/resources
[2025-06-06T04:16:52.681Z] error: <credentialedProxyHandler> HTTP Error 401 calling https://pve-1.home.doubie.dev:8006/api2/json/cluster/resources
[2025-06-06T04:17:56.854Z] error: <credentialedProxyHandler> HTTP Error 401 calling https://pve-1.home.doubie.dev:8006/api2/json/cluster/resources
[2025-06-06T04:17:57.599Z] error: <credentialedProxyHandler> HTTP Error 401 calling https://pve-1.home.doubie.dev:8006/api2/json/cluster/resources
[2025-06-06T04:18:05.637Z] error: <credentialedProxyHandler> HTTP Error 401 calling https://pve-1.home.doubie.dev:8006/api2/json/cluster/resources
[2025-06-06T04:18:19.685Z] error: <credentialedProxyHandler> HTTP Error 401 calling https://pve-1.home.doubie.dev:8006/api2/json/cluster/resources
[2025-06-06T04:20:15.651Z] error: <credentialedProxyHandler> HTTP Error 401 calling https://pve-1.home.doubie.dev:8006/api2/json/cluster/resources
[2025-06-06T04:20:28.687Z] error: <credentialedProxyHandler> HTTP Error 401 calling https://pve-1.home.doubie.dev:8006/api2/json/cluster/resources
[2025-06-06T04:20:41.720Z] error: <credentialedProxyHandler> HTTP Error 401 calling https://pve-1.home.doubie.dev:8006/api2/json/cluster/resources
[2025-06-06T04:21:24.756Z] error: <credentialedProxyHandler> HTTP Error 401 calling https://pve-1.home.doubie.dev:8006/api2/json/cluster/resources
[2025-06-06T04:22:52.836Z] error: <credentialedProxyHandler> HTTP Error 401 calling https://pve-1.home.doubie.dev:8006/api2/json/cluster/resources
[2025-06-06T04:23:40.360Z] error: <credentialedProxyHandler> HTTP Error 401 calling https://pve-1.home.doubie.dev:8006/api2/json/cluster/resources
[2025-06-06T04:23:40.612Z] error: <credentialedProxyHandler> HTTP Error 401 calling https://pve-1.home.doubie.dev:8006/api2/json/cluster/resources
[2025-06-06T04:23:52.410Z] error: <credentialedProxyHandler> HTTP Error 401 calling https://pve-1.home.doubie.dev:8006/api2/json/cluster/resources
[2025-06-06T04:23:59.005Z] error: <credentialedProxyHandler> HTTP Error 401 calling https://pve-1.home.doubie.dev:8006/api2/json/cluster/resources
[2025-06-06T04:24:11.629Z] error: <credentialedProxyHandler> HTTP Error 401 calling https://pve-1.home.doubie.dev:8006/api2/json/cluster/resources
[2025-06-06T04:24:20.579Z] error: <httpProxy> Error calling https://pve-1.home.doubie.dev/api2/json/cluster/resources...
[2025-06-06T04:24:20.589Z] error: <httpProxy> [
  500,
  Error: connect ECONNREFUSED 192.168.1.1:443
      at <unknown> (Error: connect ECONNREFUSED 192.168.1.1:443) {
    errno: -111,
    code: 'ECONNREFUSED',
    syscall: 'connect',
    address: '192.168.1.1',
    port: 443
  }
]
[2025-06-06T04:24:20.589Z] error: <credentialedProxyHandler> HTTP Error 500 calling https://pve-1.home.doubie.dev/api2/json/cluster/resources
[2025-06-06T04:24:20.787Z] error: <httpProxy> Error calling https://pve-1.home.doubie.dev/api2/json/cluster/resources...
[2025-06-06T04:24:20.790Z] error: <httpProxy> [
  500,
  Error: connect ECONNREFUSED 192.168.1.1:443
      at <unknown> (Error: connect ECONNREFUSED 192.168.1.1:443) {
    errno: -111,
    code: 'ECONNREFUSED',
    syscall: 'connect',
    address: '192.168.1.1',
    port: 443
  }
]
[2025-06-06T04:24:20.790Z] error: <credentialedProxyHandler> HTTP Error 500 calling https://pve-1.home.doubie.dev/api2/json/cluster/resources
[2025-06-06T04:24:29.679Z] error: <httpProxy> Error calling https://pve-1.home.doubie.dev/api2/json/cluster/resources...
[2025-06-06T04:24:29.680Z] error: <httpProxy> [
  500,
  Error: connect ECONNREFUSED 192.168.1.1:443
      at <unknown> (Error: connect ECONNREFUSED 192.168.1.1:443) {
    errno: -111,
    code: 'ECONNREFUSED',
    syscall: 'connect',
    address: '192.168.1.1',
    port: 443
  }
]
[2025-06-06T04:24:29.680Z] error: <credentialedProxyHandler> HTTP Error 500 calling https://pve-1.home.doubie.dev/api2/json/cluster/resources
[2025-06-06T04:24:37.782Z] error: <credentialedProxyHandler> HTTP Error 401 calling https://pve-1.home.doubie.dev:8006/api2/json/cluster/resources
[2025-06-06T04:24:37.967Z] error: <credentialedProxyHandler> HTTP Error 401 calling https://pve-1.home.doubie.dev:8006/api2/json/cluster/resources
[2025-06-06T04:24:47.044Z] error: <credentialedProxyHandler> HTTP Error 401 calling https://pve-1.home.doubie.dev:8006/api2/json/cluster/resources
[2025-06-06T04:24:51.000Z] error: <credentialedProxyHandler> HTTP Error 401 calling https://pve-1.home.doubie.dev:8006/api2/json/cluster/resources
[2025-06-06T04:25:09.160Z] error: <credentialedProxyHandler> HTTP Error 401 calling https://pve-1.home.doubie.dev:8006/api2/json/cluster/resources
[2025-06-06T04:25:37.302Z] error: <credentialedProxyHandler> HTTP Error 401 calling https://pve-1.home.doubie.dev:8006/api2/json/cluster/resources
[2025-06-06T04:26:19.902Z] error: <credentialedProxyHandler> HTTP Error 401 calling https://pve-1.home.doubie.dev:8006/api2/json/cluster/resources
[2025-06-06T04:26:27.164Z] error: <credentialedProxyHandler> HTTP Error 401 calling https://pve-1.home.doubie.dev:8006/api2/json/cluster/resources
[2025-06-06T04:26:28.121Z] error: <credentialedProxyHandler> HTTP Error 401 calling https://pve-1.home.doubie.dev:8006/api2/json/cluster/resources
[2025-06-06T04:26:41.167Z] error: <credentialedProxyHandler> HTTP Error 401 calling https://pve-1.home.doubie.dev:8006/api2/json/cluster/resources
[2025-06-06T04:26:59.250Z] error: <credentialedProxyHandler> HTTP Error 401 calling https://pve-1.home.doubie.dev:8006/api2/json/cluster/resources
[2025-06-06T04:27:42.379Z] error: <credentialedProxyHandler> HTTP Error 401 calling https://pve-1.home.doubie.dev:8006/api2/json/cluster/resources
[2025-06-06T04:28:09.213Z] error: <httpProxy> Error calling https://pve-1.home.doubie.dev/api2/json/cluster/resources...
[2025-06-06T04:28:09.214Z] error: <httpProxy> [
  500,
  Error: connect ECONNREFUSED 192.168.1.1:443
      at <unknown> (Error: connect ECONNREFUSED 192.168.1.1:443) {
    errno: -111,
    code: 'ECONNREFUSED',
    syscall: 'connect',
    address: '192.168.1.1',
    port: 443
  }
]
[2025-06-06T04:28:09.214Z] error: <credentialedProxyHandler> HTTP Error 500 calling https://pve-1.home.doubie.dev/api2/json/cluster/resources
[2025-06-06T04:28:09.536Z] error: <httpProxy> Error calling https://pve-1.home.doubie.dev/api2/json/cluster/resources...
[2025-06-06T04:28:09.538Z] error: <httpProxy> [
  500,
  Error: connect ECONNREFUSED 192.168.1.1:443
      at <unknown> (Error: connect ECONNREFUSED 192.168.1.1:443) {
    errno: -111,
    code: 'ECONNREFUSED',
    syscall: 'connect',
    address: '192.168.1.1',
    port: 443
  }
]
[2025-06-06T04:28:09.538Z] error: <credentialedProxyHandler> HTTP Error 500 calling https://pve-1.home.doubie.dev/api2/json/cluster/resources
[2025-06-06T04:28:15.379Z] error: <httpProxy> Error calling https://pve-1.home.doubie.dev/api2/json/cluster/resources...
[2025-06-06T04:28:15.381Z] error: <httpProxy> [
  500,
  Error: connect ECONNREFUSED 192.168.1.1:443
      at <unknown> (Error: connect ECONNREFUSED 192.168.1.1:443) {
    errno: -111,
    code: 'ECONNREFUSED',
    syscall: 'connect',
    address: '192.168.1.1',
    port: 443
  }
]
[2025-06-06T04:28:15.381Z] error: <credentialedProxyHandler> HTTP Error 500 calling https://pve-1.home.doubie.dev/api2/json/cluster/resources
[2025-06-06T04:28:26.520Z] error: <credentialedProxyHandler> HTTP Error 401 calling https://pve-1.home.doubie.dev:8006/api2/json/cluster/resources
[2025-06-06T04:28:26.825Z] error: <credentialedProxyHandler> HTTP Error 401 calling https://pve-1.home.doubie.dev:8006/api2/json/cluster/resources
[2025-06-06T04:28:34.860Z] error: <credentialedProxyHandler> HTTP Error 401 calling https://pve-1.home.doubie.dev:8006/api2/json/cluster/resources
[2025-06-06T04:28:48.025Z] error: <credentialedProxyHandler> HTTP Error 401 calling https://pve-1.home.doubie.dev:8006/api2/json/cluster/resources
[2025-06-06T04:29:21.061Z] error: <credentialedProxyHandler> HTTP Error 401 calling https://pve-1.home.doubie.dev:8006/api2/json/cluster/resources
[2025-06-06T04:29:27.109Z] error: <credentialedProxyHandler> HTTP Error 401 calling https://pve-1.home.doubie.dev:8006/api2/json/cluster/resources
[2025-06-06T04:29:35.152Z] error: <credentialedProxyHandler> HTTP Error 401 calling https://pve-1.home.doubie.dev:8006/api2/json/cluster/resources
[2025-06-06T04:29:48.208Z] error: <credentialedProxyHandler> HTTP Error 401 calling https://pve-1.home.doubie.dev:8006/api2/json/cluster/resources
[2025-06-06T04:30:09.570Z] error: <httpProxy> Error calling https://192.168.2.1:8006/api2/json/cluster/resources...
[2025-06-06T04:30:09.571Z] error: <httpProxy> [
  500,
  Error: connect ECONNREFUSED 192.168.2.1:8006
      at <unknown> (Error: connect ECONNREFUSED 192.168.2.1:8006) {
    errno: -111,
    code: 'ECONNREFUSED',
    syscall: 'connect',
    address: '192.168.2.1',
    port: 8006
  }
]
[2025-06-06T04:30:09.572Z] error: <credentialedProxyHandler> HTTP Error 500 calling https://192.168.2.1:8006/api2/json/cluster/resources
[2025-06-06T04:30:09.943Z] error: <httpProxy> Error calling https://192.168.2.1:8006/api2/json/cluster/resources...
[2025-06-06T04:30:09.944Z] error: <httpProxy> [
  500,
  Error: connect ECONNREFUSED 192.168.2.1:8006
      at <unknown> (Error: connect ECONNREFUSED 192.168.2.1:8006) {
    errno: -111,
    code: 'ECONNREFUSED',
    syscall: 'connect',
    address: '192.168.2.1',
    port: 8006
  }
]
[2025-06-06T04:30:09.945Z] error: <credentialedProxyHandler> HTTP Error 500 calling https://192.168.2.1:8006/api2/json/cluster/resources
[2025-06-06T04:30:27.010Z] error: <credentialedProxyHandler> HTTP Error 401 calling https://pve-1.home.doubie.dev:8006/api2/json/cluster/resources
[2025-06-06T04:30:27.352Z] error: <credentialedProxyHandler> HTTP Error 401 calling https://pve-1.home.doubie.dev:8006/api2/json/cluster/resources
[2025-06-06T04:30:28.154Z] error: <credentialedProxyHandler> HTTP Error 401 calling https://pve-1.home.doubie.dev:8006/api2/json/cluster/resources
[2025-06-06T04:30:36.198Z] error: <credentialedProxyHandler> HTTP Error 401 calling https://pve-1.home.doubie.dev:8006/api2/json/cluster/resources
[2025-06-06T04:30:49.255Z] error: <credentialedProxyHandler> HTTP Error 401 calling https://pve-1.home.doubie.dev:8006/api2/json/cluster/resources
[2025-06-06T04:31:37.294Z] error: <credentialedProxyHandler> HTTP Error 401 calling https://pve-1.home.doubie.dev:8006/api2/json/cluster/resources
[2025-06-06T04:32:18.555Z] error: <credentialedProxyHandler> HTTP Error 401 calling https://pve-1.home.doubie.dev:8006/api2/json/cluster/resources
[2025-06-06T04:32:31.604Z] error: <credentialedProxyHandler> HTTP Error 401 calling https://pve-1.home.doubie.dev:8006/api2/json/cluster/resources
[2025-06-06T04:32:44.663Z] error: <credentialedProxyHandler> HTTP Error 401 calling https://pve-1.home.doubie.dev:8006/api2/json/cluster/resources
[2025-06-06T04:33:22.703Z] error: <credentialedProxyHandler> HTTP Error 401 calling https://pve-1.home.doubie.dev:8006/api2/json/cluster/resources
[2025-06-06T04:34:55.738Z] error: <credentialedProxyHandler> HTTP Error 401 calling https://pve-1.home.doubie.dev:8006/api2/json/cluster/resources
[2025-06-06T04:37:28.196Z] error: <credentialedProxyHandler> HTTP Error 401 calling https://pve-1.home.doubie.dev:8006/api2/json/cluster/resources
[2025-06-06T04:37:38.848Z] error: <credentialedProxyHandler> HTTP Error 401 calling https://pve-1.home.doubie.dev:8006/api2/json/cluster/resources
[2025-06-06T04:37:56.887Z] error: <credentialedProxyHandler> HTTP Error 401 calling https://pve-1.home.doubie.dev:8006/api2/json/cluster/resources
[2025-06-06T04:37:57.333Z] error: <credentialedProxyHandler> HTTP Error 401 calling https://pve-1.home.doubie.dev:8006/api2/json/cluster/resources
[2025-06-06T04:38:10.400Z] error: <credentialedProxyHandler> HTTP Error 401 calling https://pve-1.home.doubie.dev:8006/api2/json/cluster/resources
[2025-06-06T04:38:33.509Z] error: <credentialedProxyHandler> HTTP Error 401 calling https://pve-1.home.doubie.dev:8006/api2/json/cluster/resources
[2025-06-06T04:45:20.308Z] error: <credentialedProxyHandler> HTTP Error 401 calling https://pve-1.home.doubie.dev:8006/api2/json/cluster/resources
[2025-06-06T04:45:20.902Z] error: <credentialedProxyHandler> HTTP Error 401 calling https://pve-1.home.doubie.dev:8006/api2/json/cluster/resources
[2025-06-06T04:45:26.018Z] error: <credentialedProxyHandler> HTTP Error 401 calling https://pve-1.home.doubie.dev:8006/api2/json/cluster/resources
[2025-06-06T04:45:39.068Z] error: <credentialedProxyHandler> HTTP Error 401 calling https://pve-1.home.doubie.dev:8006/api2/json/cluster/resources
[2025-06-06T04:45:52.249Z] error: <credentialedProxyHandler> HTTP Error 401 calling https://pve-1.home.doubie.dev:8006/api2/json/cluster/resources
[2025-06-06T04:46:05.530Z] error: <credentialedProxyHandler> HTTP Error 401 calling https://pve-1.home.doubie.dev:8006/api2/json/cluster/resources
[2025-06-06T04:46:13.586Z] error: <credentialedProxyHandler> HTTP Error 401 calling https://pve-1.home.doubie.dev:8006/api2/json/cluster/resources
[2025-06-06T04:46:34.518Z] error: <credentialedProxyHandler> HTTP Error 401 calling https://pve-1.home.doubie.dev:8006/api2/json/cluster/resources
[2025-06-06T04:46:40.356Z] error: <credentialedProxyHandler> HTTP Error 401 calling https://pve-1.home.doubie.dev:8006/api2/json/cluster/resources
[2025-06-06T04:47:15.183Z] error: <credentialedProxyHandler> HTTP Error 401 calling https://pve-1.home.doubie.dev:8006/api2/json/cluster/resources
[2025-06-06T04:47:23.219Z] error: <credentialedProxyHandler> HTTP Error 401 calling https://pve-1.home.doubie.dev:8006/api2/json/cluster/resources
[2025-06-06T04:47:38.574Z] error: <credentialedProxyHandler> HTTP Error 401 calling https://pve-1.home.doubie.dev:8006/api2/json/cluster/resources
[2025-06-06T04:47:43.519Z] error: <credentialedProxyHandler> HTTP Error 401 calling https://pve-1.home.doubie.dev:8006/api2/json/cluster/resources
[2025-06-06T04:47:51.648Z] error: <credentialedProxyHandler> HTTP Error 401 calling https://pve-1.home.doubie.dev:8006/api2/json/cluster/resources
[2025-06-06T04:48:04.727Z] error: <credentialedProxyHandler> HTTP Error 401 calling https://pve-1.home.doubie.dev:8006/api2/json/cluster/resources
[2025-06-06T04:48:37.757Z] error: <credentialedProxyHandler> HTTP Error 401 calling https://pve-1.home.doubie.dev:8006/api2/json/cluster/resources
[2025-06-06T04:49:11.672Z] error: <credentialedProxyHandler> HTTP Error 401 calling https://pve-1.home.doubie.dev:8006/api2/json/cluster/resources
[2025-06-06T04:49:33.543Z] error: <credentialedProxyHandler> HTTP Error 401 calling https://pve-1.home.doubie.dev:8006/api2/json/cluster/resources
[2025-06-06T04:49:35.421Z] error: <credentialedProxyHandler> HTTP Error 401 calling https://pve-1.home.doubie.dev:8006/api2/json/cluster/resources
[2025-06-06T04:49:48.457Z] error: <credentialedProxyHandler> HTTP Error 401 calling https://pve-1.home.doubie.dev:8006/api2/json/cluster/resources
[2025-06-06T04:49:59.632Z] error: <credentialedProxyHandler> HTTP Error 401 calling https://pve-1.home.doubie.dev:8006/api2/json/cluster/resources
[2025-06-06T04:49:59.962Z] error: <credentialedProxyHandler> HTTP Error 401 calling https://pve-1.home.doubie.dev:8006/api2/json/cluster/resources
[2025-06-06T04:50:13.011Z] error: <credentialedProxyHandler> HTTP Error 401 calling https://pve-1.home.doubie.dev:8006/api2/json/cluster/resources
[2025-06-06T04:50:26.068Z] error: <credentialedProxyHandler> HTTP Error 401 calling https://pve-1.home.doubie.dev:8006/api2/json/cluster/resources
[2025-06-06T04:50:54.277Z] error: <credentialedProxyHandler> HTTP Error 401 calling https://pve-1.home.doubie.dev:8006/api2/json/cluster/resources
[2025-06-06T04:51:42.443Z] error: <credentialedProxyHandler> HTTP Error 401 calling https://pve-1.home.doubie.dev:8006/api2/json/cluster/resources
[2025-06-06T04:54:44.053Z] error: <credentialedProxyHandler> HTTP Error 401 calling https://pve-1.home.doubie.dev:8006/api2/json/cluster/resources
[2025-06-06T04:54:45.334Z] error: <credentialedProxyHandler> HTTP Error 401 calling https://pve-1.home.doubie.dev:8006/api2/json/cluster/resources
[2025-06-06T04:54:53.379Z] error: <credentialedProxyHandler> HTTP Error 401 calling https://pve-1.home.doubie.dev:8006/api2/json/cluster/resources
[2025-06-06T04:55:11.901Z] error: <credentialedProxyHandler> HTTP Error 401 calling https://pve-1.home.doubie.dev:8006/api2/json/cluster/resources
[2025-06-06T04:55:12.285Z] error: <credentialedProxyHandler> HTTP Error 401 calling https://pve-1.home.doubie.dev:8006/api2/json/cluster/resources
[2025-06-06T04:55:25.332Z] error: <credentialedProxyHandler> HTTP Error 401 calling https://pve-1.home.doubie.dev:8006/api2/json/cluster/resources
[2025-06-06T04:55:36.727Z] error: <credentialedProxyHandler> HTTP Error 401 calling https://pve-1.home.doubie.dev:8006/api2/json/cluster/resources
[2025-06-06T04:55:37.809Z] error: <credentialedProxyHandler> HTTP Error 401 calling https://pve-1.home.doubie.dev:8006/api2/json/cluster/resources
[2025-06-06T04:55:41.490Z] error: <credentialedProxyHandler> HTTP Error 401 calling https://pve-1.home.doubie.dev:8006/api2/json/cluster/resources
[2025-06-06T04:56:17.403Z] error: <credentialedProxyHandler> HTTP Error 401 calling https://pve-1.home.doubie.dev:8006/api2/json/cluster/resources
[2025-06-06T04:57:55.741Z] error: <credentialedProxyHandler> HTTP Error 401 calling https://pve-1.home.doubie.dev:8006/api2/json/cluster/resources
[2025-06-06T04:58:50.918Z] error: <credentialedProxyHandler> HTTP Error 401 calling https://pve-1.home.doubie.dev:8006/api2/json/cluster/resources
[2025-06-06T04:58:51.315Z] error: <credentialedProxyHandler> HTTP Error 401 calling https://pve-1.home.doubie.dev:8006/api2/json/cluster/resources
[2025-06-06T04:58:59.354Z] error: <credentialedProxyHandler> HTTP Error 401 calling https://pve-1.home.doubie.dev:8006/api2/json/cluster/resources
[2025-06-06T04:59:15.851Z] error: <credentialedProxyHandler> HTTP Error 401 calling https://pve-1.home.doubie.dev:8006/api2/json/cluster/resources
[2025-06-06T04:59:16.675Z] error: <credentialedProxyHandler> HTTP Error 401 calling https://pve-1.home.doubie.dev:8006/api2/json/cluster/resources
[2025-06-06T04:59:29.711Z] error: <credentialedProxyHandler> HTTP Error 401 calling https://pve-1.home.doubie.dev:8006/api2/json/cluster/resources
[2025-06-06T04:59:41.602Z] error: <credentialedProxyHandler> HTTP Error 401 calling https://pve-1.home.doubie.dev:8006/api2/json/cluster/resources
[2025-06-06T04:59:41.757Z] error: <credentialedProxyHandler> HTTP Error 401 calling https://pve-1.home.doubie.dev:8006/api2/json/cluster/resources
[2025-06-06T04:59:49.843Z] error: <credentialedProxyHandler> HTTP Error 401 calling https://pve-1.home.doubie.dev:8006/api2/json/cluster/resources
[2025-06-06T05:00:02.910Z] error: <credentialedProxyHandler> HTTP Error 401 calling https://pve-1.home.doubie.dev:8006/api2/json/cluster/resources
[2025-06-06T05:00:26.001Z] error: <credentialedProxyHandler> HTTP Error 401 calling https://pve-1.home.doubie.dev:8006/api2/json/cluster/resources
[2025-06-06T05:03:06.868Z] error: <credentialedProxyHandler> HTTP Error 401 calling https://pve-1.home.doubie.dev:8006/api2/json/cluster/resources
[2025-06-06T05:03:07.327Z] error: <credentialedProxyHandler> HTTP Error 401 calling https://pve-1.home.doubie.dev:8006/api2/json/cluster/resources
[2025-06-06T05:03:20.365Z] error: <credentialedProxyHandler> HTTP Error 401 calling https://pve-1.home.doubie.dev:8006/api2/json/cluster/resources
[2025-06-06T05:03:33.444Z] error: <credentialedProxyHandler> HTTP Error 401 calling https://pve-1.home.doubie.dev:8006/api2/json/cluster/resources
[2025-06-06T05:03:42.086Z] error: <credentialedProxyHandler> HTTP Error 401 calling https://pve-1.home.doubie.dev:8006/api2/json/cluster/resources
[2025-06-06T05:03:42.272Z] error: <credentialedProxyHandler> HTTP Error 401 calling https://pve-1.home.doubie.dev:8006/api2/json/cluster/resources
[2025-06-06T05:04:42.923Z] error: <credentialedProxyHandler> HTTP Error 401 calling https://pve-1.home.doubie.dev:8006/api2/json/cluster/resources
[2025-06-06T05:04:43.156Z] error: <credentialedProxyHandler> HTTP Error 401 calling https://pve-1.home.doubie.dev:8006/api2/json/cluster/resources
[2025-06-06T05:04:51.196Z] error: <credentialedProxyHandler> HTTP Error 401 calling https://pve-1.home.doubie.dev:8006/api2/json/cluster/resources
[2025-06-06T05:05:00.037Z] error: <credentialedProxyHandler> HTTP Error 401 calling https://pve-1.home.doubie.dev:8006/api2/json/cluster/resources
[2025-06-06T05:05:00.228Z] error: <credentialedProxyHandler> HTTP Error 401 calling https://pve-1.home.doubie.dev:8006/api2/json/cluster/resources
[2025-06-06T05:24:37.620Z] warn: <service-helpers> Error parsing service "Nginx Website" from config. Ensure required fields are present.
[2025-06-06T05:24:37.652Z] warn: <service-helpers> Error parsing service "Nginx Website" from config. Ensure required fields are present.
[2025-06-06T05:24:37.684Z] error: <service-helpers> Error getting services from Docker server 'localdocker': [Error: getaddrinfo ENOTFOUND dockerproxy] {
  errno: -3008,
  code: 'ENOTFOUND',
  syscall: 'getaddrinfo',
  hostname: 'dockerproxy'
}
[2025-06-06T05:24:37.700Z] warn: <service-helpers> Error parsing service "Nginx Website" from config. Ensure required fields are present.
[2025-06-06T05:24:37.715Z] warn: <service-helpers> Error parsing service "Nginx Website" from config. Ensure required fields are present.
[2025-06-06T05:24:37.719Z] error: <service-helpers> Error getting services from Docker server 'localdocker': [Error: getaddrinfo ENOTFOUND dockerproxy] {
  errno: -3008,
  code: 'ENOTFOUND',
  syscall: 'getaddrinfo',
  hostname: 'dockerproxy'
}
[2025-06-06T05:24:37.723Z] warn: <service-helpers> Error parsing service "Nginx Website" from config. Ensure required fields are present.
[2025-06-06T05:24:37.957Z] warn: <service-helpers> Error parsing service "Nginx Website" from config. Ensure required fields are present.
[2025-06-06T05:24:37.980Z] error: <service-helpers> Error getting services from Docker server 'localdocker': [Error: getaddrinfo ENOTFOUND dockerproxy] {
  errno: -3008,
  code: 'ENOTFOUND',
  syscall: 'getaddrinfo',
  hostname: 'dockerproxy'
}
[2025-06-06T05:24:37.982Z] warn: <service-helpers> Error parsing service "Nginx Website" from config. Ensure required fields are present.
[2025-06-06T05:24:37.991Z] warn: <service-helpers> Error parsing service "Nginx Website" from config. Ensure required fields are present.
[2025-06-06T05:24:37.995Z] warn: <service-helpers> Error parsing service "Nginx Website" from config. Ensure required fields are present.
[2025-06-06T05:24:42.756Z] warn: <service-helpers> Error parsing service "Nginx Website" from config. Ensure required fields are present.
[2025-06-06T05:24:42.759Z] warn: <service-helpers> Error parsing service "Nginx Website" from config. Ensure required fields are present.
[2025-06-06T05:24:42.769Z] error: <service-helpers> Error getting services from Docker server 'localdocker': [Error: getaddrinfo ENOTFOUND dockerproxy] {
  errno: -3008,
  code: 'ENOTFOUND',
  syscall: 'getaddrinfo',
  hostname: 'dockerproxy'
}
[2025-06-06T05:24:42.771Z] warn: <service-helpers> Error parsing service "Nginx Website" from config. Ensure required fields are present.
[2025-06-06T05:24:42.775Z] warn: <service-helpers> Error parsing service "Nginx Website" from config. Ensure required fields are present.
[2025-06-06T05:25:12.675Z] warn: <service-helpers> Error parsing service "Nginx" from config. Ensure required fields are present.
[2025-06-06T05:25:21.505Z] error: <service-helpers> Error getting services from Docker server 'localdocker': [Error: getaddrinfo ENOTFOUND dockerproxy] {
  errno: -3008,
  code: 'ENOTFOUND',
  syscall: 'getaddrinfo',
  hostname: 'dockerproxy'
}
[2025-06-06T05:25:21.523Z] error: <service-helpers> Error getting services from Docker server 'localdocker': [Error: getaddrinfo ENOTFOUND dockerproxy] {
  errno: -3008,
  code: 'ENOTFOUND',
  syscall: 'getaddrinfo',
  hostname: 'dockerproxy'
}
[2025-06-06T05:25:21.747Z] error: <dockerStatusService> Error: getaddrinfo ENOTFOUND dockerproxy
    at GetAddrInfoReqWrap.onlookupall [as oncomplete] (node:dns:122:26)
    at GetAddrInfoReqWrap.callbackTrampoline (node:internal/async_hooks:130:17)
[2025-06-06T05:25:21.779Z] error: <service-helpers> Error getting services from Docker server 'localdocker': [Error: getaddrinfo ENOTFOUND dockerproxy] {
  errno: -3008,
  code: 'ENOTFOUND',
  syscall: 'getaddrinfo',
  hostname: 'dockerproxy'
}
[2025-06-06T05:25:31.102Z] error: <dockerStatsService> Error: getaddrinfo ENOTFOUND dockerproxy
    at GetAddrInfoReqWrap.onlookupall [as oncomplete] (node:dns:122:26)
    at GetAddrInfoReqWrap.callbackTrampoline (node:internal/async_hooks:130:17)
[2025-06-06T05:25:31.103Z] error: <dockerStatusService> Error: getaddrinfo ENOTFOUND dockerproxy
    at GetAddrInfoReqWrap.onlookupall [as oncomplete] (node:dns:122:26)
    at GetAddrInfoReqWrap.callbackTrampoline (node:internal/async_hooks:130:17)
[2025-06-06T05:26:11.363Z] error: <service-helpers> Error getting services from Docker server 'localdocker': [Error: getaddrinfo ENOTFOUND dockerproxy] {
  errno: -3008,
  code: 'ENOTFOUND',
  syscall: 'getaddrinfo',
  hostname: 'dockerproxy'
}
[2025-06-06T05:26:11.423Z] error: <service-helpers> Error getting services from Docker server 'localdocker': [Error: getaddrinfo ENOTFOUND dockerproxy] {
  errno: -3008,
  code: 'ENOTFOUND',
  syscall: 'getaddrinfo',
  hostname: 'dockerproxy'
}
[2025-06-06T05:26:11.827Z] error: <dockerStatusService> Error: getaddrinfo ENOTFOUND dockerproxy
    at GetAddrInfoReqWrap.onlookupall [as oncomplete] (node:dns:122:26)
    at GetAddrInfoReqWrap.callbackTrampoline (node:internal/async_hooks:130:17)
[2025-06-06T05:26:11.873Z] error: <service-helpers> Error getting services from Docker server 'localdocker': [Error: getaddrinfo ENOTFOUND dockerproxy] {
  errno: -3008,
  code: 'ENOTFOUND',
  syscall: 'getaddrinfo',
  hostname: 'dockerproxy'
}
[2025-06-06T05:26:16.322Z] error: <dockerStatusService> Error: getaddrinfo ENOTFOUND dockerproxy
    at GetAddrInfoReqWrap.onlookupall [as oncomplete] (node:dns:122:26)
    at GetAddrInfoReqWrap.callbackTrampoline (node:internal/async_hooks:130:17)
[2025-06-06T05:26:16.365Z] error: <service-helpers> Error getting services from Docker server 'localdocker': [Error: getaddrinfo ENOTFOUND dockerproxy] {
  errno: -3008,
  code: 'ENOTFOUND',
  syscall: 'getaddrinfo',
  hostname: 'dockerproxy'
}
[2025-06-06T05:26:16.919Z] error: <dockerStatusService> Error: getaddrinfo ENOTFOUND dockerproxy
    at GetAddrInfoReqWrap.onlookupall [as oncomplete] (node:dns:122:26)
    at GetAddrInfoReqWrap.callbackTrampoline (node:internal/async_hooks:130:17)
[2025-06-06T05:26:16.945Z] error: <service-helpers> Error getting services from Docker server 'localdocker': [Error: getaddrinfo ENOTFOUND dockerproxy] {
  errno: -3008,
  code: 'ENOTFOUND',
  syscall: 'getaddrinfo',
  hostname: 'dockerproxy'
}
[2025-06-06T05:26:50.181Z] error: <dockerStatusService> Error: getaddrinfo ENOTFOUND dockerproxy
    at GetAddrInfoReqWrap.onlookupall [as oncomplete] (node:dns:122:26)
    at GetAddrInfoReqWrap.callbackTrampoline (node:internal/async_hooks:130:17)
[2025-06-06T05:26:50.263Z] error: <service-helpers> Error getting services from Docker server 'localdocker': [Error: getaddrinfo ENOTFOUND dockerproxy] {
  errno: -3008,
  code: 'ENOTFOUND',
  syscall: 'getaddrinfo',
  hostname: 'dockerproxy'
}
[2025-06-06T05:26:50.288Z] error: <service-helpers> Error getting services from Docker server 'localdocker': [Error: getaddrinfo ENOTFOUND dockerproxy] {
  errno: -3008,
  code: 'ENOTFOUND',
  syscall: 'getaddrinfo',
  hostname: 'dockerproxy'
}
[2025-06-06T05:26:50.666Z] error: <dockerStatusService> Error: getaddrinfo ENOTFOUND dockerproxy
    at GetAddrInfoReqWrap.onlookupall [as oncomplete] (node:dns:122:26)
    at GetAddrInfoReqWrap.callbackTrampoline (node:internal/async_hooks:130:17)
[2025-06-06T05:26:50.685Z] error: <service-helpers> Error getting services from Docker server 'localdocker': [Error: getaddrinfo ENOTFOUND dockerproxy] {
  errno: -3008,
  code: 'ENOTFOUND',
  syscall: 'getaddrinfo',
  hostname: 'dockerproxy'
}
[2025-06-06T05:28:03.014Z] error: <dockerStatusService> Error: getaddrinfo ENOTFOUND dockerproxy
    at GetAddrInfoReqWrap.onlookupall [as oncomplete] (node:dns:122:26)
    at GetAddrInfoReqWrap.callbackTrampoline (node:internal/async_hooks:130:17)
[2025-06-06T05:28:03.071Z] error: <service-helpers> Error getting services from Docker server 'localdocker': [Error: getaddrinfo ENOTFOUND dockerproxy] {
  errno: -3008,
  code: 'ENOTFOUND',
  syscall: 'getaddrinfo',
  hostname: 'dockerproxy'
}
[2025-06-06T05:28:04.783Z] error: <dockerStatusService> Error: getaddrinfo ENOTFOUND dockerproxy
    at GetAddrInfoReqWrap.onlookupall [as oncomplete] (node:dns:122:26)
    at GetAddrInfoReqWrap.callbackTrampoline (node:internal/async_hooks:130:17)
[2025-06-06T05:28:04.802Z] error: <service-helpers> Error getting services from Docker server 'localdocker': [Error: getaddrinfo ENOTFOUND dockerproxy] {
  errno: -3008,
  code: 'ENOTFOUND',
  syscall: 'getaddrinfo',
  hostname: 'dockerproxy'
}
[2025-06-06T05:28:05.456Z] error: <dockerStatusService> Error: getaddrinfo ENOTFOUND dockerproxy
    at GetAddrInfoReqWrap.onlookupall [as oncomplete] (node:dns:122:26)
    at GetAddrInfoReqWrap.callbackTrampoline (node:internal/async_hooks:130:17)
[2025-06-06T05:28:05.481Z] error: <service-helpers> Error getting services from Docker server 'localdocker': [Error: getaddrinfo ENOTFOUND dockerproxy] {
  errno: -3008,
  code: 'ENOTFOUND',
  syscall: 'getaddrinfo',
  hostname: 'dockerproxy'
}
[2025-06-06T05:28:12.901Z] error: <service-helpers> Error getting services from Docker server 'localdocker': [Error: getaddrinfo ENOTFOUND dockerproxy] {
  errno: -3008,
  code: 'ENOTFOUND',
  syscall: 'getaddrinfo',
  hostname: 'dockerproxy'
}
[2025-06-06T05:28:12.910Z] error: <dockerStatusService> Error: getaddrinfo ENOTFOUND dockerproxy
    at GetAddrInfoReqWrap.onlookupall [as oncomplete] (node:dns:122:26)
    at GetAddrInfoReqWrap.callbackTrampoline (node:internal/async_hooks:130:17)
[2025-06-06T05:28:28.208Z] error: <dockerStatusService> Error: getaddrinfo ENOTFOUND dockerproxy
    at GetAddrInfoReqWrap.onlookupall [as oncomplete] (node:dns:122:26)
    at GetAddrInfoReqWrap.callbackTrampoline (node:internal/async_hooks:130:17)
[2025-06-06T05:28:28.216Z] error: <service-helpers> Error getting services from Docker server 'localdocker': [Error: getaddrinfo ENOTFOUND dockerproxy] {
  errno: -3008,
  code: 'ENOTFOUND',
  syscall: 'getaddrinfo',
  hostname: 'dockerproxy'
}
[2025-06-06T05:28:32.241Z] error: <dockerStatusService> Error: getaddrinfo ENOTFOUND dockerproxy
    at GetAddrInfoReqWrap.onlookupall [as oncomplete] (node:dns:122:26)
    at GetAddrInfoReqWrap.callbackTrampoline (node:internal/async_hooks:130:17)
[2025-06-06T05:28:32.253Z] error: <service-helpers> Error getting services from Docker server 'localdocker': [Error: getaddrinfo ENOTFOUND dockerproxy] {
  errno: -3008,
  code: 'ENOTFOUND',
  syscall: 'getaddrinfo',
  hostname: 'dockerproxy'
}
[2025-06-06T05:28:39.866Z] error: <dockerStatusService> Error: getaddrinfo ENOTFOUND dockerproxy
    at GetAddrInfoReqWrap.onlookupall [as oncomplete] (node:dns:122:26)
    at GetAddrInfoReqWrap.callbackTrampoline (node:internal/async_hooks:130:17)
[2025-06-06T05:28:39.887Z] error: <service-helpers> Error getting services from Docker server 'localdocker': [Error: getaddrinfo ENOTFOUND dockerproxy] {
  errno: -3008,
  code: 'ENOTFOUND',
  syscall: 'getaddrinfo',
  hostname: 'dockerproxy'
}
[2025-06-06T05:28:57.657Z] error: <dockerStatusService> Error: getaddrinfo ENOTFOUND dockerproxy
    at GetAddrInfoReqWrap.onlookupall [as oncomplete] (node:dns:122:26)
    at GetAddrInfoReqWrap.callbackTrampoline (node:internal/async_hooks:130:17)
[2025-06-06T05:28:57.675Z] error: <service-helpers> Error getting services from Docker server 'localdocker': [Error: getaddrinfo ENOTFOUND dockerproxy] {
  errno: -3008,
  code: 'ENOTFOUND',
  syscall: 'getaddrinfo',
  hostname: 'dockerproxy'
}
[2025-06-06T05:29:56.409Z] error: <dockerStatusService> Error: getaddrinfo ENOTFOUND dockerproxy
    at GetAddrInfoReqWrap.onlookupall [as oncomplete] (node:dns:122:26)
    at GetAddrInfoReqWrap.callbackTrampoline (node:internal/async_hooks:130:17)
[2025-06-06T05:29:56.431Z] error: <service-helpers> Error getting services from Docker server 'localdocker': [Error: getaddrinfo ENOTFOUND dockerproxy] {
  errno: -3008,
  code: 'ENOTFOUND',
  syscall: 'getaddrinfo',
  hostname: 'dockerproxy'
}
[2025-06-06T05:30:30.593Z] error: <dockerStatusService> Error: getaddrinfo ENOTFOUND dockerproxy
    at GetAddrInfoReqWrap.onlookupall [as oncomplete] (node:dns:122:26)
    at GetAddrInfoReqWrap.callbackTrampoline (node:internal/async_hooks:130:17)
[2025-06-06T05:30:30.625Z] error: <service-helpers> Error getting services from Docker server 'localdocker': [Error: getaddrinfo ENOTFOUND dockerproxy] {
  errno: -3008,
  code: 'ENOTFOUND',
  syscall: 'getaddrinfo',
  hostname: 'dockerproxy'
}
[2025-06-06T05:32:05.373Z] error: <dockerStatusService> Error: getaddrinfo ENOTFOUND dockerproxy
    at GetAddrInfoReqWrap.onlookupall [as oncomplete] (node:dns:122:26)
    at GetAddrInfoReqWrap.callbackTrampoline (node:internal/async_hooks:130:17)
[2025-06-06T05:32:05.425Z] error: <service-helpers> Error getting services from Docker server 'localdocker': [Error: getaddrinfo ENOTFOUND dockerproxy] {
  errno: -3008,
  code: 'ENOTFOUND',
  syscall: 'getaddrinfo',
  hostname: 'dockerproxy'
}
[2025-06-06T05:32:05.448Z] error: <service-helpers> Error getting services from Docker server 'localdocker': [Error: getaddrinfo ENOTFOUND dockerproxy] {
  errno: -3008,
  code: 'ENOTFOUND',
  syscall: 'getaddrinfo',
  hostname: 'dockerproxy'
}
[2025-06-06T05:32:05.664Z] error: <dockerStatusService> Error: getaddrinfo ENOTFOUND dockerproxy
    at GetAddrInfoReqWrap.onlookupall [as oncomplete] (node:dns:122:26)
    at GetAddrInfoReqWrap.callbackTrampoline (node:internal/async_hooks:130:17)
[2025-06-06T05:32:05.684Z] error: <service-helpers> Error getting services from Docker server 'localdocker': [Error: getaddrinfo ENOTFOUND dockerproxy] {
  errno: -3008,
  code: 'ENOTFOUND',
  syscall: 'getaddrinfo',
  hostname: 'dockerproxy'
}
[2025-06-06T05:32:07.087Z] error: <dockerStatusService> Error: getaddrinfo ENOTFOUND dockerproxy
    at GetAddrInfoReqWrap.onlookupall [as oncomplete] (node:dns:122:26)
    at GetAddrInfoReqWrap.callbackTrampoline (node:internal/async_hooks:130:17)
[2025-06-06T05:32:07.109Z] error: <service-helpers> Error getting services from Docker server 'localdocker': [Error: getaddrinfo ENOTFOUND dockerproxy] {
  errno: -3008,
  code: 'ENOTFOUND',
  syscall: 'getaddrinfo',
  hostname: 'dockerproxy'
}
[2025-06-06T05:32:41.432Z] error: <service-helpers> Error getting services from Docker server 'localdocker': [Error: getaddrinfo ENOTFOUND dockerproxy] {
  errno: -3008,
  code: 'ENOTFOUND',
  syscall: 'getaddrinfo',
  hostname: 'dockerproxy'
}
[2025-06-06T05:32:41.600Z] error: <service-helpers> Error getting services from Docker server 'localdocker': [Error: getaddrinfo ENOTFOUND dockerproxy] {
  errno: -3008,
  code: 'ENOTFOUND',
  syscall: 'getaddrinfo',
  hostname: 'dockerproxy'
}
[2025-06-06T05:32:41.860Z] error: <service-helpers> Error getting services from Docker server 'localdocker': [Error: getaddrinfo ENOTFOUND dockerproxy] {
  errno: -3008,
  code: 'ENOTFOUND',
  syscall: 'getaddrinfo',
  hostname: 'dockerproxy'
}
[2025-06-06T05:32:42.196Z] error: <dockerStatusService> Error: getaddrinfo ENOTFOUND dockerproxy
    at GetAddrInfoReqWrap.onlookupall [as oncomplete] (node:dns:122:26)
    at GetAddrInfoReqWrap.callbackTrampoline (node:internal/async_hooks:130:17)
[2025-06-06T05:32:42.238Z] error: <service-helpers> Error getting services from Docker server 'localdocker': [Error: getaddrinfo ENOTFOUND dockerproxy] {
  errno: -3008,
  code: 'ENOTFOUND',
  syscall: 'getaddrinfo',
  hostname: 'dockerproxy'
}
[2025-06-06T05:32:51.880Z] error: <dockerStatusService> Error: getaddrinfo ENOTFOUND dockerproxy
    at GetAddrInfoReqWrap.onlookupall [as oncomplete] (node:dns:122:26)
    at GetAddrInfoReqWrap.callbackTrampoline (node:internal/async_hooks:130:17)
[2025-06-06T05:32:51.888Z] error: <service-helpers> Error getting services from Docker server 'localdocker': [Error: getaddrinfo ENOTFOUND dockerproxy] {
  errno: -3008,
  code: 'ENOTFOUND',
  syscall: 'getaddrinfo',
  hostname: 'dockerproxy'
}
[2025-06-06T05:36:30.197Z] error: <dockerStatusService> TypeError: Cannot read properties of null (reading 'localdocker')
    at u (/app/.next/server/chunks/7325.js:1:18033)
    at l (/app/.next/server/pages/api/docker/status/[...service].js:1:1034)
    at X (/app/node_modules/.pnpm/next@15.3.1_react-dom@18.3.1_react@18.3.1__react@18.3.1/node_modules/next/dist/compiled/next-server/pages-api.runtime.prod.js:20:18447)
    at process.processTicksAndRejections (node:internal/process/task_queues:105:5)
    at async z.render (/app/node_modules/.pnpm/next@15.3.1_react-dom@18.3.1_react@18.3.1__react@18.3.1/node_modules/next/dist/compiled/next-server/pages-api.runtime.prod.js:20:19237)
    at async NextNodeServer.runApi (/app/node_modules/.pnpm/next@15.3.1_react-dom@18.3.1_react@18.3.1__react@18.3.1/node_modules/next/dist/server/next-server.js:671:9)
    at async NextNodeServer.handleCatchallRenderRequest (/app/node_modules/.pnpm/next@15.3.1_react-dom@18.3.1_react@18.3.1__react@18.3.1/node_modules/next/dist/server/next-server.js:302:37)
    at async NextNodeServer.handleRequestImpl (/app/node_modules/.pnpm/next@15.3.1_react-dom@18.3.1_react@18.3.1__react@18.3.1/node_modules/next/dist/server/base-server.js:899:17)
    at async invokeRender (/app/node_modules/.pnpm/next@15.3.1_react-dom@18.3.1_react@18.3.1__react@18.3.1/node_modules/next/dist/server/lib/router-server.js:237:21)
    at async handleRequest (/app/node_modules/.pnpm/next@15.3.1_react-dom@18.3.1_react@18.3.1__react@18.3.1/node_modules/next/dist/server/lib/router-server.js:428:24)
[2025-06-06T05:39:54.222Z] warn: <service-helpers> Error parsing service "Portainer" from config. Ensure required fields are present.
[2025-06-06T05:39:54.250Z] warn: <service-helpers> Error parsing service "Portainer" from config. Ensure required fields are present.
[2025-06-06T05:39:54.274Z] warn: <service-helpers> Error parsing service "Portainer" from config. Ensure required fields are present.
[2025-06-06T05:39:54.276Z] warn: <service-helpers> Error parsing service "Portainer" from config. Ensure required fields are present.
[2025-06-06T05:39:54.287Z] warn: <service-helpers> Error parsing service "Portainer" from config. Ensure required fields are present.
[2025-06-06T05:39:54.610Z] warn: <service-helpers> Error parsing service "Portainer" from config. Ensure required fields are present.
[2025-06-06T05:39:54.611Z] warn: <service-helpers> Error parsing service "Portainer" from config. Ensure required fields are present.
[2025-06-06T05:39:54.615Z] warn: <service-helpers> Error parsing service "Portainer" from config. Ensure required fields are present.
[2025-06-06T05:39:54.628Z] warn: <service-helpers> Error parsing service "Portainer" from config. Ensure required fields are present.
[2025-06-06T05:39:54.633Z] warn: <service-helpers> Error parsing service "Portainer" from config. Ensure required fields are present.
[2025-06-06T05:39:58.824Z] warn: <service-helpers> Error parsing service "Portainer" from config. Ensure required fields are present.
[2025-06-06T05:39:58.826Z] warn: <service-helpers> Error parsing service "Portainer" from config. Ensure required fields are present.
[2025-06-06T05:39:58.827Z] warn: <service-helpers> Error parsing service "Portainer" from config. Ensure required fields are present.
[2025-06-06T05:39:58.838Z] warn: <service-helpers> Error parsing service "Portainer" from config. Ensure required fields are present.
[2025-06-06T05:39:58.841Z] warn: <service-helpers> Error parsing service "Portainer" from config. Ensure required fields are present.
[2025-06-06T05:39:59.615Z] warn: <service-helpers> Error parsing service "Portainer" from config. Ensure required fields are present.
[2025-06-06T05:39:59.617Z] warn: <service-helpers> Error parsing service "Portainer" from config. Ensure required fields are present.
[2025-06-06T05:39:59.620Z] warn: <service-helpers> Error parsing service "Portainer" from config. Ensure required fields are present.
[2025-06-06T05:39:59.627Z] warn: <service-helpers> Error parsing service "Portainer" from config. Ensure required fields are present.
[2025-06-06T05:39:59.630Z] warn: <service-helpers> Error parsing service "Portainer" from config. Ensure required fields are present.
[2025-06-06T05:40:19.069Z] warn: <service-helpers> Error parsing service "Portainer" from config. Ensure required fields are present.
[2025-06-06T05:40:19.076Z] warn: <service-helpers> Error parsing service "Portainer" from config. Ensure required fields are present.
[2025-06-06T05:40:19.082Z] warn: <service-helpers> Error parsing service "Portainer" from config. Ensure required fields are present.
[2025-06-06T05:40:19.085Z] warn: <service-helpers> Error parsing service "Portainer" from config. Ensure required fields are present.
[2025-06-06T05:40:19.101Z] warn: <service-helpers> Error parsing service "Portainer" from config. Ensure required fields are present.
[2025-06-06T05:41:11.444Z] warn: <service-helpers> Error parsing service "Portainer" from config. Ensure required fields are present.
[2025-06-06T05:41:11.525Z] warn: <service-helpers> Error parsing service "Portainer" from config. Ensure required fields are present.
[2025-06-06T05:41:11.565Z] warn: <service-helpers> Error parsing service "Portainer" from config. Ensure required fields are present.
[2025-06-06T05:41:11.569Z] warn: <service-helpers> Error parsing service "Portainer" from config. Ensure required fields are present.
[2025-06-06T05:41:11.584Z] warn: <service-helpers> Error parsing service "Portainer" from config. Ensure required fields are present.
[2025-06-06T05:41:11.807Z] warn: <service-helpers> Error parsing service "Portainer" from config. Ensure required fields are present.
[2025-06-06T05:41:12.077Z] warn: <service-helpers> Error parsing service "Portainer" from config. Ensure required fields are present.
[2025-06-06T05:41:12.083Z] warn: <service-helpers> Error parsing service "Portainer" from config. Ensure required fields are present.
[2025-06-06T05:41:12.086Z] warn: <service-helpers> Error parsing service "Portainer" from config. Ensure required fields are present.
[2025-06-06T05:41:12.100Z] warn: <service-helpers> Error parsing service "Portainer" from config. Ensure required fields are present.
[2025-06-06T05:41:12.105Z] warn: <service-helpers> Error parsing service "Portainer" from config. Ensure required fields are present.
[2025-06-06T05:41:42.028Z] warn: <service-helpers> Error parsing service "Portainer" from config. Ensure required fields are present.
[2025-06-06T05:41:42.039Z] warn: <service-helpers> Error parsing service "Portainer" from config. Ensure required fields are present.
